<?xml version="1.0" encoding="UTF-8"?>
<!-- Generated by org.testng.reporters.JUnitReportReporter -->
<testsuite hostname="VISHAL" name="tests.Tests" tests="3" failures="0" timestamp="20 May 2020 15:19:18 GMT" time="12.792" errors="0">
  <testcase name="sampleTest" time="0.016" classname="tests.Tests"/>
  <testcase name="loginTest" time="7.949" classname="tests.Tests"/>
  <testcase name="testOne" time="4.827" classname="tests.Tests"/>
</testsuite> <!-- tests.Tests -->
