<?xml version="1.0" encoding="UTF-8"?>
<!-- Generated by org.testng.reporters.JUnitReportReporter -->
<testsuite hostname="VISHAL" name="tests.Baseclass" tests="1" failures="0" timestamp="18 May 2020 18:05:49 GMT" time="0.005" errors="0">
  <testcase name="sampleTest" time="0.005" classname="tests.Baseclass"/>
</testsuite> <!-- tests.Baseclass -->
